<?xml version="1.0" encoding="UTF-8"?>
<testng-results skipped="0" failed="1" ignored="0" total="5" passed="4">
  <reporter-output>
  </reporter-output>
  <suite name="Automation Practice" duration-ms="113322" started-at="2018-10-09T21:12:42Z" finished-at="2018-10-09T21:14:36Z">
    <groups>
    </groups>
    <test name="Registering" duration-ms="29767" started-at="2018-10-09T21:12:42Z" finished-at="2018-10-09T21:13:12Z">
      <class name="com.thefloowautomationpractice.qa.testcases.RegisterAnAccount">
        <test-method status="PASS" signature="setUp()[pri:0, instance:com.thefloowautomationpractice.qa.testcases.RegisterAnAccount@685cb137]" name="setUp" is-config="true" duration-ms="11864" started-at="2018-10-09T21:12:42Z" finished-at="2018-10-09T21:12:54Z">
          <reporter-output>
          </reporter-output>
        </test-method> <!-- setUp -->
        <test-method status="FAIL" signature="TestCase1_RegisterAnAccount()[pri:0, instance:com.thefloowautomationpractice.qa.testcases.RegisterAnAccount@685cb137]" name="TestCase1_RegisterAnAccount" duration-ms="17076" started-at="2018-10-09T21:12:54Z" finished-at="2018-10-09T21:13:11Z">
          <exception class="java.lang.AssertionError">
            <message>
              <![CDATA[null]]>
            </message>
            <full-stacktrace>
              <![CDATA[java.lang.AssertionError: null
at org.testng.Assert.fail(Assert.java:96)
at org.testng.Assert.fail(Assert.java:103)
at com.thefloowautomationpractice.qa.testcases.RegisterAnAccount.TestCase1_RegisterAnAccount(RegisterAnAccount.java:115)
at sun.reflect.NativeMethodAccessorImpl.invoke0(Native Method)
at sun.reflect.NativeMethodAccessorImpl.invoke(Unknown Source)
at sun.reflect.DelegatingMethodAccessorImpl.invoke(Unknown Source)
at java.lang.reflect.Method.invoke(Unknown Source)
at org.testng.internal.MethodInvocationHelper.invokeMethod(MethodInvocationHelper.java:124)
at org.testng.internal.Invoker.invokeMethod(Invoker.java:583)
at org.testng.internal.Invoker.invokeTestMethod(Invoker.java:719)
at org.testng.internal.Invoker.invokeTestMethods(Invoker.java:989)
at org.testng.internal.TestMethodWorker.invokeTestMethods(TestMethodWorker.java:125)
at org.testng.internal.TestMethodWorker.run(TestMethodWorker.java:109)
at org.testng.TestRunner.privateRun(TestRunner.java:648)
at org.testng.TestRunner.run(TestRunner.java:505)
at org.testng.SuiteRunner.runTest(SuiteRunner.java:455)
at org.testng.SuiteRunner.runSequentially(SuiteRunner.java:450)
at org.testng.SuiteRunner.privateRun(SuiteRunner.java:415)
at org.testng.SuiteRunner.run(SuiteRunner.java:364)
at org.testng.SuiteRunnerWorker.runSuite(SuiteRunnerWorker.java:52)
at org.testng.SuiteRunnerWorker.run(SuiteRunnerWorker.java:84)
at org.testng.TestNG.runSuitesSequentially(TestNG.java:1208)
at org.testng.TestNG.runSuitesLocally(TestNG.java:1137)
at org.testng.TestNG.runSuites(TestNG.java:1049)
at org.testng.TestNG.run(TestNG.java:1017)
at org.testng.remote.AbstractRemoteTestNG.run(AbstractRemoteTestNG.java:114)
at org.testng.remote.RemoteTestNG.initAndRun(RemoteTestNG.java:251)
at org.testng.remote.RemoteTestNG.main(RemoteTestNG.java:77)
]]>
            </full-stacktrace>
          </exception> <!-- java.lang.AssertionError -->
          <reporter-output>
          </reporter-output>
        </test-method> <!-- TestCase1_RegisterAnAccount -->
        <test-method status="PASS" signature="tearDown()[pri:0, instance:com.thefloowautomationpractice.qa.testcases.RegisterAnAccount@685cb137]" name="tearDown" is-config="true" duration-ms="790" started-at="2018-10-09T21:13:11Z" finished-at="2018-10-09T21:13:12Z">
          <reporter-output>
          </reporter-output>
        </test-method> <!-- tearDown -->
      </class> <!-- com.thefloowautomationpractice.qa.testcases.RegisterAnAccount -->
    </test> <!-- Registering -->
    <test name="Logging in" duration-ms="17765" started-at="2018-10-09T21:13:12Z" finished-at="2018-10-09T21:13:30Z">
      <class name="com.thefloowautomationpractice.qa.testcases.LoginPageTest">
        <test-method status="PASS" signature="setUp()[pri:0, instance:com.thefloowautomationpractice.qa.testcases.LoginPageTest@59ec2012]" name="setUp" is-config="true" duration-ms="12166" started-at="2018-10-09T21:13:12Z" finished-at="2018-10-09T21:13:24Z">
          <reporter-output>
          </reporter-output>
        </test-method> <!-- setUp -->
        <test-method status="PASS" signature="TestCase2_LoginToSite()[pri:0, instance:com.thefloowautomationpractice.qa.testcases.LoginPageTest@59ec2012]" name="TestCase2_LoginToSite" duration-ms="4680" started-at="2018-10-09T21:13:24Z" finished-at="2018-10-09T21:13:29Z">
          <reporter-output>
          </reporter-output>
        </test-method> <!-- TestCase2_LoginToSite -->
        <test-method status="PASS" signature="tearDown()[pri:0, instance:com.thefloowautomationpractice.qa.testcases.LoginPageTest@59ec2012]" name="tearDown" is-config="true" duration-ms="912" started-at="2018-10-09T21:13:29Z" finished-at="2018-10-09T21:13:30Z">
          <reporter-output>
          </reporter-output>
        </test-method> <!-- tearDown -->
      </class> <!-- com.thefloowautomationpractice.qa.testcases.LoginPageTest -->
    </test> <!-- Logging in -->
    <test name="Conducting a Search" duration-ms="17532" started-at="2018-10-09T21:13:30Z" finished-at="2018-10-09T21:13:47Z">
      <class name="com.thefloowautomationpractice.qa.testcases.ConductingSearchTest">
        <test-method status="PASS" signature="setUp()[pri:0, instance:com.thefloowautomationpractice.qa.testcases.ConductingSearchTest@6fd02e5]" name="setUp" is-config="true" duration-ms="9489" started-at="2018-10-09T21:13:30Z" finished-at="2018-10-09T21:13:39Z">
          <reporter-output>
          </reporter-output>
        </test-method> <!-- setUp -->
        <test-method status="PASS" signature="TestCase3_SearchAProudct()[pri:0, instance:com.thefloowautomationpractice.qa.testcases.ConductingSearchTest@6fd02e5]" name="TestCase3_SearchAProudct" duration-ms="6667" started-at="2018-10-09T21:13:39Z" finished-at="2018-10-09T21:13:46Z">
          <reporter-output>
          </reporter-output>
        </test-method> <!-- TestCase3_SearchAProudct -->
        <test-method status="PASS" signature="tearDown()[pri:0, instance:com.thefloowautomationpractice.qa.testcases.ConductingSearchTest@6fd02e5]" name="tearDown" is-config="true" duration-ms="1372" started-at="2018-10-09T21:13:46Z" finished-at="2018-10-09T21:13:47Z">
          <reporter-output>
          </reporter-output>
        </test-method> <!-- tearDown -->
      </class> <!-- com.thefloowautomationpractice.qa.testcases.ConductingSearchTest -->
    </test> <!-- Conducting a Search -->
    <test name="Conducting some navigation and checking some values exist" duration-ms="20114" started-at="2018-10-09T21:13:47Z" finished-at="2018-10-09T21:14:07Z">
      <class name="com.thefloowautomationpractice.qa.testcases.NavigationTest">
        <test-method status="PASS" signature="setUp()[pri:0, instance:com.thefloowautomationpractice.qa.testcases.NavigationTest@56ac3a89]" name="setUp" is-config="true" duration-ms="10301" started-at="2018-10-09T21:13:47Z" finished-at="2018-10-09T21:13:58Z">
          <reporter-output>
          </reporter-output>
        </test-method> <!-- setUp -->
        <test-method status="PASS" signature="TestCase4_Navigations()[pri:0, instance:com.thefloowautomationpractice.qa.testcases.NavigationTest@56ac3a89]" name="TestCase4_Navigations" duration-ms="9033" started-at="2018-10-09T21:13:58Z" finished-at="2018-10-09T21:14:07Z">
          <reporter-output>
          </reporter-output>
        </test-method> <!-- TestCase4_Navigations -->
        <test-method status="PASS" signature="tearDown()[pri:0, instance:com.thefloowautomationpractice.qa.testcases.NavigationTest@56ac3a89]" name="tearDown" is-config="true" duration-ms="766" started-at="2018-10-09T21:14:07Z" finished-at="2018-10-09T21:14:07Z">
          <reporter-output>
          </reporter-output>
        </test-method> <!-- tearDown -->
      </class> <!-- com.thefloowautomationpractice.qa.testcases.NavigationTest -->
    </test> <!-- Conducting some navigation and checking some values exist -->
    <test name="Making a purchase" duration-ms="28065" started-at="2018-10-09T21:14:07Z" finished-at="2018-10-09T21:14:36Z">
      <class name="com.thefloowautomationpractice.qa.testcases.PurchaseTest">
        <test-method status="PASS" signature="setUp()[pri:0, instance:com.thefloowautomationpractice.qa.testcases.PurchaseTest@13805618]" name="setUp" is-config="true" duration-ms="10826" started-at="2018-10-09T21:14:07Z" finished-at="2018-10-09T21:14:18Z">
          <reporter-output>
          </reporter-output>
        </test-method> <!-- setUp -->
        <test-method status="PASS" signature="TestCase5_Purchase()[pri:0, instance:com.thefloowautomationpractice.qa.testcases.PurchaseTest@13805618]" name="TestCase5_Purchase" duration-ms="16390" started-at="2018-10-09T21:14:18Z" finished-at="2018-10-09T21:14:35Z">
          <reporter-output>
          </reporter-output>
        </test-method> <!-- TestCase5_Purchase -->
        <test-method status="PASS" signature="tearDown()[pri:0, instance:com.thefloowautomationpractice.qa.testcases.PurchaseTest@13805618]" name="tearDown" is-config="true" duration-ms="845" started-at="2018-10-09T21:14:35Z" finished-at="2018-10-09T21:14:36Z">
          <reporter-output>
          </reporter-output>
        </test-method> <!-- tearDown -->
      </class> <!-- com.thefloowautomationpractice.qa.testcases.PurchaseTest -->
    </test> <!-- Making a purchase -->
  </suite> <!-- Automation Practice -->
</testng-results>
